Determining if the pthread_create exist failed with the following output:
Change Dir: /home/xusen/Desktop/codehub/pcl/PCL_all_in_one/build/CMakeFiles/CMakeTmp

Run Build Command:"/usr/bin/make" "cmTC_d25c2/fast"
/usr/bin/make -f CMakeFiles/cmTC_d25c2.dir/build.make CMakeFiles/cmTC_d25c2.dir/build
make[1]: Entering directory '/home/xusen/Desktop/codehub/pcl/PCL_all_in_one/build/CMakeFiles/CMakeTmp'
Building C object CMakeFiles/cmTC_d25c2.dir/CheckSymbolExists.c.o
/usr/bin/cc     -o CMakeFiles/cmTC_d25c2.dir/CheckSymbolExists.c.o   -c /home/xusen/Desktop/codehub/pcl/PCL_all_in_one/build/CMakeFiles/CMakeTmp/CheckSymbolExists.c
Linking C executable cmTC_d25c2
/usr/bin/cmake -E cmake_link_script CMakeFiles/cmTC_d25c2.dir/link.txt --verbose=1
/usr/bin/cc       CMakeFiles/cmTC_d25c2.dir/CheckSymbolExists.c.o  -o cmTC_d25c2 -rdynamic 
CMakeFiles/cmTC_d25c2.dir/CheckSymbolExists.c.o: In function `main':
CheckSymbolExists.c:(.text+0x16): undefined reference to `pthread_create'
collect2: error: ld returned 1 exit status
CMakeFiles/cmTC_d25c2.dir/build.make:97: recipe for target 'cmTC_d25c2' failed
make[1]: *** [cmTC_d25c2] Error 1
make[1]: Leaving directory '/home/xusen/Desktop/codehub/pcl/PCL_all_in_one/build/CMakeFiles/CMakeTmp'
Makefile:126: recipe for target 'cmTC_d25c2/fast' failed
make: *** [cmTC_d25c2/fast] Error 2

File /home/xusen/Desktop/codehub/pcl/PCL_all_in_one/build/CMakeFiles/CMakeTmp/CheckSymbolExists.c:
/* */
#include <pthread.h>

int main(int argc, char** argv)
{
  (void)argv;
#ifndef pthread_create
  return ((int*)(&pthread_create))[argc];
#else
  (void)argc;
  return 0;
#endif
}

Determining if the function pthread_create exists in the pthreads failed with the following output:
Change Dir: /home/xusen/Desktop/codehub/pcl/PCL_all_in_one/build/CMakeFiles/CMakeTmp

Run Build Command:"/usr/bin/make" "cmTC_9c62b/fast"
/usr/bin/make -f CMakeFiles/cmTC_9c62b.dir/build.make CMakeFiles/cmTC_9c62b.dir/build
make[1]: Entering directory '/home/xusen/Desktop/codehub/pcl/PCL_all_in_one/build/CMakeFiles/CMakeTmp'
Building C object CMakeFiles/cmTC_9c62b.dir/CheckFunctionExists.c.o
/usr/bin/cc    -DCHECK_FUNCTION_EXISTS=pthread_create   -o CMakeFiles/cmTC_9c62b.dir/CheckFunctionExists.c.o   -c /usr/share/cmake-3.5/Modules/CheckFunctionExists.c
Linking C executable cmTC_9c62b
/usr/bin/cmake -E cmake_link_script CMakeFiles/cmTC_9c62b.dir/link.txt --verbose=1
/usr/bin/cc   -DCHECK_FUNCTION_EXISTS=pthread_create    CMakeFiles/cmTC_9c62b.dir/CheckFunctionExists.c.o  -o cmTC_9c62b -rdynamic -lpthreads 
/usr/bin/ld: cannot find -lpthreads
collect2: error: ld returned 1 exit status
CMakeFiles/cmTC_9c62b.dir/build.make:97: recipe for target 'cmTC_9c62b' failed
make[1]: *** [cmTC_9c62b] Error 1
make[1]: Leaving directory '/home/xusen/Desktop/codehub/pcl/PCL_all_in_one/build/CMakeFiles/CMakeTmp'
Makefile:126: recipe for target 'cmTC_9c62b/fast' failed
make: *** [cmTC_9c62b/fast] Error 2


